# JRE version: Java(TM) SE Runtime Environment (8.0_92-b14) (build 1.8.0_92-b14)
# Java VM: Java HotSpot(TM) 64-Bit Server VM (25.92-b14 mixed mode windows-amd64 compressed oops)
Heap:
 garbage-first heap   total 131072K, used 55296K [0x00000000c0000000, 0x00000000c0100400, 0x0000000100000000)
  region size 1024K, 40 young (40960K), 10 survivors (10240K)
 Metaspace       used 38038K, capacity 40258K, committed 40444K, reserved 1085440K
  class space    used 4174K, capacity 4859K, committed 4912K, reserved 1048576K
GC Heap History (10 events):
Event: 12.406 GC heap before
{Heap before GC invocations=1 (full 0):
 garbage-first heap   total 131072K, used 18224K [0x00000000c0000000, 0x00000000c0100400, 0x0000000100000000)
  region size 1024K, 16 young (16384K), 2 survivors (2048K)
 Metaspace       used 10077K, capacity 10518K, committed 10752K, reserved 1058816K
  class space    used 1065K, capacity 1202K, committed 1280K, reserved 1048576K
Event: 12.417 GC heap after
Heap after GC invocations=2 (full 0):
 garbage-first heap   total 131072K, used 8481K [0x00000000c0000000, 0x00000000c0100400, 0x0000000100000000)
  region size 1024K, 2 young (2048K), 2 survivors (2048K)
 Metaspace       used 10077K, capacity 10518K, committed 10752K, reserved 1058816K
  class space    used 1065K, capacity 1202K, committed 1280K, reserved 1048576K
}
Event: 13.794 GC heap before
{Heap before GC invocations=2 (full 0):
 garbage-first heap   total 131072K, used 32033K [0x00000000c0000000, 0x00000000c0100400, 0x0000000100000000)
  region size 1024K, 25 young (25600K), 2 survivors (2048K)
 Metaspace       used 18246K, capacity 19262K, committed 19328K, reserved 1067008K
  class space    used 1836K, capacity 2160K, committed 2176K, reserved 1048576K
Event: 13.814 GC heap after
Heap after GC invocations=3 (full 0):
 garbage-first heap   total 131072K, used 17408K [0x00000000c0000000, 0x00000000c0100400, 0x0000000100000000)
  region size 1024K, 4 young (4096K), 4 survivors (4096K)
 Metaspace       used 18246K, capacity 19262K, committed 19328K, reserved 1067008K
  class space    used 1836K, capacity 2160K, committed 2176K, reserved 1048576K
}
Event: 14.449 GC heap before
{Heap before GC invocations=3 (full 0):
 garbage-first heap   total 131072K, used 22528K [0x00000000c0000000, 0x00000000c0100400, 0x0000000100000000)
  region size 1024K, 10 young (10240K), 4 survivors (4096K)
 Metaspace       used 19942K, capacity 21184K, committed 21296K, reserved 1069056K
  class space    used 2044K, capacity 2339K, committed 2352K, reserved 1048576K
Event: 14.459 GC heap after
Heap after GC invocations=4 (full 0):
 garbage-first heap   total 131072K, used 19455K [0x00000000c0000000, 0x00000000c0100400, 0x0000000100000000)
  region size 1024K, 6 young (6144K), 6 survivors (6144K)
 Metaspace       used 19942K, capacity 21184K, committed 21296K, reserved 1069056K
  class space    used 2044K, capacity 2339K, committed 2352K, reserved 1048576K
}
Event: 30.041 GC heap before
{Heap before GC invocations=5 (full 0):
 garbage-first heap   total 131072K, used 84991K [0x00000000c0000000, 0x00000000c0100400, 0x0000000100000000)
  region size 1024K, 76 young (77824K), 6 survivors (6144K)
 Metaspace       used 27161K, capacity 28804K, committed 29052K, reserved 1075200K
  class space    used 3012K, capacity 3454K, committed 3504K, reserved 1048576K
Event: 30.064 GC heap after
Heap after GC invocations=6 (full 0):
 garbage-first heap   total 131072K, used 23385K [0x00000000c0000000, 0x00000000c0100400, 0x0000000100000000)
  region size 1024K, 10 young (10240K), 10 survivors (10240K)
 Metaspace       used 27161K, capacity 28804K, committed 29052K, reserved 1075200K
  class space    used 3012K, capacity 3454K, committed 3504K, reserved 1048576K
}
Event: 32.729 GC heap before
{Heap before GC invocations=6 (full 0):
 garbage-first heap   total 131072K, used 70489K [0x00000000c0000000, 0x00000000c0100400, 0x0000000100000000)
  region size 1024K, 57 young (58368K), 10 survivors (10240K)
 Metaspace       used 33632K, capacity 35914K, committed 36048K, reserved 1081344K
  class space    used 3733K, capacity 4457K, committed 4528K, reserved 1048576K
Event: 32.760 GC heap after
Heap after GC invocations=7 (full 0):
 garbage-first heap   total 131072K, used 31744K [0x00000000c0000000, 0x00000000c0100400, 0x0000000100000000)
  region size 1024K, 10 young (10240K), 10 survivors (10240K)
 Metaspace       used 33632K, capacity 35914K, committed 36048K, reserved 1081344K
  class space    used 3733K, capacity 4457K, committed 4528K, reserved 1048576K
}

